Using pre-set license
Built from '2021.3/staging' branch; Version is '2021.3.22f1 (b6c551784ba3) revision 11978065'; Using compiler version '192829333'; Build Type 'Release'
OS: 'Windows 11  (10.0.22631) 64bit Core' Language: 'en' Physical Memory: 32471 MB
BatchMode: 1, IsHumanControllingUs: 0, StartBugReporterOnCrash: 0, Is64bit: 1, IsPro: 1

COMMAND LINE ARGUMENTS:
C:\Program Files\Unity\Hub\Editor\2021.3.22f1\Editor\Unity.exe
-adb2
-batchMode
-noUpm
-name
AssetImportWorker11
-projectPath
C:/Users/luvmu/OneDrive/Documents/Microgame 5+6/FighterPlanesPart2/Fighter Planes F24 Part 2
-logFile
Logs/AssetImportWorker11.log
-srvPort
62480
Successfully changed project path to: C:/Users/luvmu/OneDrive/Documents/Microgame 5+6/FighterPlanesPart2/Fighter Planes F24 Part 2
C:/Users/luvmu/OneDrive/Documents/Microgame 5+6/FighterPlanesPart2/Fighter Planes F24 Part 2
[UnityMemory] Configuration Parameters - Can be set up in boot.config
    "memorysetup-bucket-allocator-granularity=16"
    "memorysetup-bucket-allocator-bucket-count=8"
    "memorysetup-bucket-allocator-block-size=33554432"
    "memorysetup-bucket-allocator-block-count=8"
    "memorysetup-main-allocator-block-size=16777216"
    "memorysetup-thread-allocator-block-size=16777216"
    "memorysetup-gfx-main-allocator-block-size=16777216"
    "memorysetup-gfx-thread-allocator-block-size=16777216"
    "memorysetup-cache-allocator-block-size=4194304"
    "memorysetup-typetree-allocator-block-size=2097152"
    "memorysetup-profiler-bucket-allocator-granularity=16"
    "memorysetup-profiler-bucket-allocator-bucket-count=8"
    "memorysetup-profiler-bucket-allocator-block-size=33554432"
    "memorysetup-profiler-bucket-allocator-block-count=8"
    "memorysetup-profiler-allocator-block-size=16777216"
    "memorysetup-profiler-editor-allocator-block-size=1048576"
    "memorysetup-temp-allocator-size-main=16777216"
    "memorysetup-job-temp-allocator-block-size=2097152"
    "memorysetup-job-temp-allocator-block-size-background=1048576"
    "memorysetup-job-temp-allocator-reduction-small-platforms=262144"
    "memorysetup-temp-allocator-size-background-worker=32768"
    "memorysetup-temp-allocator-size-job-worker=262144"
    "memorysetup-temp-allocator-size-preload-manager=33554432"
    "memorysetup-temp-allocator-size-nav-mesh-worker=65536"
    "memorysetup-temp-allocator-size-audio-worker=65536"
    "memorysetup-temp-allocator-size-cloud-worker=32768"
    "memorysetup-temp-allocator-size-gi-baking-worker=262144"
    "memorysetup-temp-allocator-size-gfx=262144"
Player connection [46900] Host "[IP] 192.168.1.84 [Port] 0 [Flags] 2 [Guid] 726255883 [EditorId] 726255883 [Version] 1048832 [Id] WindowsEditor(7,MSI) [Debug] 1 [PackageName] WindowsEditor [ProjectName] Editor" joined multi-casting on [225.0.0.222:54997]...

Player connection [46900] Host "[IP] 192.168.1.84 [Port] 0 [Flags] 2 [Guid] 726255883 [EditorId] 726255883 [Version] 1048832 [Id] WindowsEditor(7,MSI) [Debug] 1 [PackageName] WindowsEditor [ProjectName] Editor" joined alternative multi-casting on [225.0.0.222:34997]...

Refreshing native plugins compatible for Editor in 51.10 ms, found 3 plugins.
Preloading 0 native plugins for Editor in 0.00 ms.
Initialize engine version: 2021.3.22f1 (b6c551784ba3)
[Subsystems] Discovering subsystems at path C:/Program Files/Unity/Hub/Editor/2021.3.22f1/Editor/Data/Resources/UnitySubsystems
[Subsystems] Discovering subsystems at path C:/Users/luvmu/OneDrive/Documents/Microgame 5+6/FighterPlanesPart2/Fighter Planes F24 Part 2/Assets
GfxDevice: creating device client; threaded=0; jobified=0
Direct3D:
    Version:  Direct3D 11.0 [level 11.1]
    Renderer: NVIDIA GeForce RTX 4060 Laptop GPU (ID=0x28a0)
    Vendor:   NVIDIA
    VRAM:     7972 MB
    Driver:   31.0.15.4633
Initialize mono
Mono path[0] = 'C:/Program Files/Unity/Hub/Editor/2021.3.22f1/Editor/Data/Managed'
Mono path[1] = 'C:/Program Files/Unity/Hub/Editor/2021.3.22f1/Editor/Data/MonoBleedingEdge/lib/mono/unityjit-win32'
Mono config path = 'C:/Program Files/Unity/Hub/Editor/2021.3.22f1/Editor/Data/MonoBleedingEdge/etc'
Using monoOptions --debugger-agent=transport=dt_socket,embedding=1,server=y,suspend=n,address=127.0.0.1:56892
Begin MonoManager ReloadAssembly
Registering precompiled unity dll's ...
Register platform support module: C:/Program Files/Unity/Hub/Editor/2021.3.22f1/Editor/Data/PlaybackEngines/WindowsStandaloneSupport/UnityEditor.WindowsStandalone.Extensions.dll
Registered in 0.004574 seconds.
Native extension for WindowsStandalone target not found
Refreshing native plugins compatible for Editor in 43.49 ms, found 3 plugins.
Preloading 0 native plugins for Editor in 0.00 ms.
Mono: successfully reloaded assembly
- Completed reload, in  0.421 seconds
Domain Reload Profiling:
	ReloadAssembly (421ms)
		BeginReloadAssembly (58ms)
			ExecutionOrderSort (0ms)
			DisableScriptedObjects (0ms)
			BackupInstance (0ms)
			ReleaseScriptingObjects (0ms)
			CreateAndSetChildDomain (0ms)
		EndReloadAssembly (294ms)
			LoadAssemblies (57ms)
			RebuildTransferFunctionScriptingTraits (0ms)
			SetupTypeCache (66ms)
			ReleaseScriptCaches (0ms)
			RebuildScriptCaches (17ms)
			SetupLoadedEditorAssemblies (178ms)
				LogAssemblyErrors (0ms)
				InitializePlatformSupportModulesInManaged (6ms)
				SetLoadedEditorAssemblies (0ms)
				RefreshPlugins (44ms)
				BeforeProcessingInitializeOnLoad (1ms)
				ProcessInitializeOnLoadAttributes (95ms)
				ProcessInitializeOnLoadMethodAttributes (32ms)
				AfterProcessingInitializeOnLoad (0ms)
				EditorAssembliesLoaded (0ms)
			ExecutionOrderSort2 (0ms)
			AwakeInstancesAfterBackupRestoration (0ms)
Platform modules already initialized, skipping
Registering precompiled user dll's ...
Registered in 0.003048 seconds.
Begin MonoManager ReloadAssembly
Native extension for WindowsStandalone target not found
Refreshing native plugins compatible for Editor in 0.63 ms, found 3 plugins.
Preloading 0 native plugins for Editor in 0.00 ms.
Mono: successfully reloaded assembly
- Completed reload, in  1.216 seconds
Domain Reload Profiling:
	ReloadAssembly (1217ms)
		BeginReloadAssembly (103ms)
			ExecutionOrderSort (0ms)
			DisableScriptedObjects (3ms)
			BackupInstance (0ms)
			ReleaseScriptingObjects (0ms)
			CreateAndSetChildDomain (14ms)
		EndReloadAssembly (1046ms)
			LoadAssemblies (78ms)
			RebuildTransferFunctionScriptingTraits (0ms)
			SetupTypeCache (585ms)
			ReleaseScriptCaches (1ms)
			RebuildScriptCaches (38ms)
			SetupLoadedEditorAssemblies (335ms)
				LogAssemblyErrors (0ms)
				InitializePlatformSupportModulesInManaged (5ms)
				SetLoadedEditorAssemblies (1ms)
				RefreshPlugins (1ms)
				BeforeProcessingInitializeOnLoad (54ms)
				ProcessInitializeOnLoadAttributes (259ms)
				ProcessInitializeOnLoadMethodAttributes (12ms)
				AfterProcessingInitializeOnLoad (4ms)
				EditorAssembliesLoaded (0ms)
			ExecutionOrderSort2 (0ms)
			AwakeInstancesAfterBackupRestoration (5ms)
Platform modules already initialized, skipping
========================================================================
Worker process is ready to serve import requests
Launched and connected shader compiler UnityShaderCompiler.exe after 0.10 seconds
Refreshing native plugins compatible for Editor in 0.60 ms, found 3 plugins.
Preloading 0 native plugins for Editor in 0.00 ms.
Unloading 3088 Unused Serialized files (Serialized files now loaded: 0)
Unloading 23 unused Assets / (56.5 KB). Loaded Objects now: 3549.
Memory consumption went from 111.6 MB to 111.5 MB.
Total: 2.579200 ms (FindLiveObjects: 0.177000 ms CreateObjectMapping: 0.148000 ms MarkObjects: 2.173800 ms  DeleteObjects: 0.079800 ms)

AssetImportParameters requested are different than current active one (requested -> active):
  custom:video-decoder-ogg-theora: a1e56fd34408186e4bbccfd4996cb3dc -> 
  custom:container-muxer-webm: aa71ff27fc2769a1b78a27578f13a17b -> 
  custom:container-demuxer-webm: 4f35f7cbe854078d1ac9338744f61a02 -> 
  custom:video-encoder-webm-vp8: eb34c28f22e8b96e1ab97ce403110664 -> 
  custom:video-codec-MediaFoundation-h265: 746d11721c4dcdbdad8f713fa42b33f4 -> 
  custom:audio-encoder-webm-vorbis: bf7c407c2cedff20999df2af8eb42d56 -> 
  custom:framework-win-MediaFoundation: 216162199b28c13a410421893ffa2e32 -> 
  custom:container-demuxer-ogg: 62fdf1f143b41e24485cea50d1cbac27 -> 
  custom:video-decoder-webm-vp8: 9c59270c3fd7afecdb556c50c9e8de78 -> 
  custom:audio-decoder-ogg-vorbis: bf7c407c2cedff20999df2af8eb42d56 -> 
========================================================================
Received Import Request.
  Time since last request: 1008214.357612 seconds.
  path: Assets/Audio/gainlife.wav
  artifactKey: Guid(3374ba4052bcd714381862c3b22e2492) Importer(815301076,1909f56bfc062723c751e8b465ee728b)
Start importing Assets/Audio/gainlife.wav using Guid(3374ba4052bcd714381862c3b22e2492) Importer(815301076,1909f56bfc062723c751e8b465ee728b)  -> (artifact id: '3f2952ae2bcdc6ba00d04858f5c307e1') in 0.395146 seconds 
========================================================================
Received Import Request.
  Time since last request: 0.000026 seconds.
  path: Assets/Sprites/Health/frame-6.png
  artifactKey: Guid(9e269731fb0bfa64b87a76e2636f9f1c) Importer(815301076,1909f56bfc062723c751e8b465ee728b)
Start importing Assets/Sprites/Health/frame-6.png using Guid(9e269731fb0bfa64b87a76e2636f9f1c) Importer(815301076,1909f56bfc062723c751e8b465ee728b)  -> (artifact id: 'ac8eed5b35caa27098585a9a42c0a35a') in 0.110697 seconds 
========================================================================
Received Import Request.
  Time since last request: 0.000031 seconds.
  path: Assets/Sprites/Explosion/Explosion_00022.png
  artifactKey: Guid(e45fe2b1b45c556449e64f6b4bfe31f1) Importer(815301076,1909f56bfc062723c751e8b465ee728b)
Start importing Assets/Sprites/Explosion/Explosion_00022.png using Guid(e45fe2b1b45c556449e64f6b4bfe31f1) Importer(815301076,1909f56bfc062723c751e8b465ee728b)  -> (artifact id: '84729c513786ea274a85b1f2f2be786f') in 0.156388 seconds 
========================================================================
Received Import Request.
  Time since last request: 0.000020 seconds.
  path: Assets/Sprites/Thruster/Thruster_00018.png
  artifactKey: Guid(38c74a3724292d24a8b99e4b3d307eaa) Importer(815301076,1909f56bfc062723c751e8b465ee728b)
Start importing Assets/Sprites/Thruster/Thruster_00018.png using Guid(38c74a3724292d24a8b99e4b3d307eaa) Importer(815301076,1909f56bfc062723c751e8b465ee728b)  -> (artifact id: '51604c0f696632329c1df8cee6876a96') in 0.134367 seconds 
========================================================================
Received Import Request.
  Time since last request: 0.000022 seconds.
  path: Assets/Audio/powerup.wav
  artifactKey: Guid(b953e2325246e32409191d573c7ed211) Importer(815301076,1909f56bfc062723c751e8b465ee728b)
Start importing Assets/Audio/powerup.wav using Guid(b953e2325246e32409191d573c7ed211) Importer(815301076,1909f56bfc062723c751e8b465ee728b)  -> (artifact id: '9285622d18e60b5ee1379606d3af9e0c') in 0.030880 seconds 
========================================================================
Received Import Request.
  Time since last request: 0.000030 seconds.
  path: Assets/Prefabs/Cloud.prefab
  artifactKey: Guid(7a5475a3f727072489cb7e9cd0c70787) Importer(815301076,1909f56bfc062723c751e8b465ee728b)
Start importing Assets/Prefabs/Cloud.prefab using Guid(7a5475a3f727072489cb7e9cd0c70787) Importer(815301076,1909f56bfc062723c751e8b465ee728b)  -> (artifact id: '5de20d34b4b582cdedce8256fd59df21') in 0.032785 seconds 
========================================================================
Received Import Request.
  Time since last request: 0.000016 seconds.
  path: Assets/Sprites/Explosion/Explosion_00011.png
  artifactKey: Guid(506a3f42269a87d44a2d1d1aed9ad4d4) Importer(815301076,1909f56bfc062723c751e8b465ee728b)
Start importing Assets/Sprites/Explosion/Explosion_00011.png using Guid(506a3f42269a87d44a2d1d1aed9ad4d4) Importer(815301076,1909f56bfc062723c751e8b465ee728b)  -> (artifact id: '61f287a26b5d5c293f9d25c56f6c1f50') in 0.041030 seconds 
========================================================================
Received Import Request.
  Time since last request: 0.000022 seconds.
  path: Assets/Audio/planeloop.wav
  artifactKey: Guid(53e7cf1eeb3186147aaba6e5536a2c69) Importer(815301076,1909f56bfc062723c751e8b465ee728b)
Start importing Assets/Audio/planeloop.wav using Guid(53e7cf1eeb3186147aaba6e5536a2c69) Importer(815301076,1909f56bfc062723c751e8b465ee728b)  -> (artifact id: '8b2d821452e2e0d8270d87ab75ba41f5') in 0.019951 seconds 
========================================================================
Received Import Request.
  Time since last request: 0.000338 seconds.
  path: Assets/Sprites/Thruster/Thruster_00012.png
  artifactKey: Guid(ad1535a3ec6004e419e7109d70e638f7) Importer(815301076,1909f56bfc062723c751e8b465ee728b)
Start importing Assets/Sprites/Thruster/Thruster_00012.png using Guid(ad1535a3ec6004e419e7109d70e638f7) Importer(815301076,1909f56bfc062723c751e8b465ee728b)  -> (artifact id: 'ec0d328096917aab7a0aa8f5016b9b58') in 0.113331 seconds 
Editor requested this worker to shutdown with reason: Scaling down because of idle timeout
AssetImportWorker is now disconnected from the server
Process exiting
Exiting without the bug reporter. Application will terminate with return code 0